<?xml version="1.0" encoding="UTF-8"?>
<!-- Generated by org.testng.reporters.JUnitXMLReporter -->
<testsuite hostname="localhost" name="TestGroups" tests="4" failures="0" timestamp="16 Nov 2016 10:43:10 GMT" time="68.97" errors="0">
  <testcase name="TestWebq1" time="14.623" classname="Webq.Case.CaseWebq"/>
  <testcase name="TestWebq2" time="2.76" classname="Webq.Case.CaseWebq"/>
  <testcase name="TestWebq3" time="51.582" classname="Webq.Case.CaseWebq"/>
  <testcase name="TestWebq4" time="0.0" classname="Webq.Case.CaseWebq"/>
</testsuite> <!-- TestGroups -->
