<?xml version="1.0" encoding="UTF-8"?>
<!-- Generated by org.testng.reporters.JUnitXMLReporter -->
<testsuite hostname="localhost" name="TestGroups" tests="5" failures="0" timestamp="16 Nov 2016 10:40:52 GMT" time="6.897" errors="0">
  <testcase name="TestWebqPageHomeLoginCheckPresentUrlWap" time="5.726" classname="Webq.Case.CaseUIWap"/>
  <testcase name="TestWebqPageHomeCheckHeadTitleWap" time="0.104" classname="Webq.Case.CaseUIWap"/>
  <testcase name="TestWebqPageHomeCheckLogoSizeWap" time="0.048" classname="Webq.Case.CaseUIWap"/>
  <testcase name="TestWebqPageHomeCheckPerUrlWap" time="0.966" classname="Webq.Case.CaseUIWap"/>
  <testcase name="TestWebqLoginOutWap" time="0.0" classname="Webq.Case.CaseUIWap"/>
</testsuite> <!-- TestGroups -->
