<?xml version="1.0" encoding="UTF-8"?>
<testsuite name="TestGroups"
           tests="4"
           failures="0"
           errors="0"
           skipped="0"
           time="67.121">
  <properties />
  
  
            <testcase name="TestWap2" time="12.349" classname="Webq.Case.CaseWAP" />
                <testcase name="TestWap1" time="1.815" classname="Webq.Case.CaseWAP" />
                <testcase name="TestWap3" time="52.957" classname="Webq.Case.CaseWAP" />
                <testcase name="TestWap4" time="0.000" classname="Webq.Case.CaseWAP" />
      
</testsuite>
